Build started 3/24/2016 6:11:09 PM.
     1>Project "C:\Users\Sen\Desktop\Lazyvines\Scanner\Scanner\Scanner\Scanner.vcxproj" on node 2 (Build target(s)).
     1>ClCompile:
         C:\Program Files (x86)\Microsoft Visual Studio 12.0\VC\bin\CL.exe /c /IC:\Users\Sen\Desktop\Lazyvines\Scanner\Library\glfw\include /IC:\Users\Sen\Desktop\Lazyvines\Scanner\Library\glew\include /ZI /nologo /W3 /WX- /sdl /Od /Oy- /D WIN32 /D _DEBUG /D _CONSOLE /D _LIB /D _UNICODE /D UNICODE /Gm /EHsc /RTC1 /MDd /GS /fp:precise /Zc:wchar_t /Zc:forScope /Fo"Debug\\" /Fd"Debug\vc120.pdb" /Gd /TP /analyze- /errorReport:prompt Scanner.cpp
         Scanner.cpp
     1>c:\users\sen\desktop\lazyvines\scanner\scanner\scanner\scanner.cpp(142): warning C4244: 'initializing' : conversion from 'double' to 'int', possible loss of data
     1>c:\users\sen\desktop\lazyvines\scanner\scanner\scanner\scanner.cpp(225): warning C4244: 'initializing' : conversion from 'double' to 'float', possible loss of data
     1>c:\users\sen\desktop\lazyvines\scanner\scanner\scanner\scanner.cpp(226): warning C4305: '+=' : truncation from 'double' to 'float'
     1>c:\users\sen\desktop\lazyvines\scanner\scanner\scanner\scanner.cpp(267): warning C4244: '=' : conversion from 'double' to 'float', possible loss of data
     1>c:\users\sen\desktop\lazyvines\scanner\scanner\scanner\scanner.cpp(268): warning C4244: '=' : conversion from 'double' to 'float', possible loss of data
     1>c:\users\sen\desktop\lazyvines\scanner\scanner\scanner\scanner.cpp(269): warning C4244: '=' : conversion from 'double' to 'float', possible loss of data
     1>c:\users\sen\desktop\lazyvines\scanner\scanner\scanner\scanner.cpp(429): warning C4305: '+=' : truncation from 'double' to 'float'
     1>c:\users\sen\desktop\lazyvines\scanner\scanner\scanner\scanner.cpp(430): warning C4305: '-=' : truncation from 'double' to 'float'
     1>c:\users\sen\desktop\lazyvines\scanner\scanner\scanner\scanner.cpp(453): warning C4244: '=' : conversion from 'double' to 'float', possible loss of data
     1>c:\users\sen\desktop\lazyvines\scanner\scanner\scanner\scanner.cpp(454): warning C4244: '=' : conversion from 'double' to 'float', possible loss of data
     1>c:\users\sen\desktop\lazyvines\scanner\scanner\scanner\scanner.cpp(655): warning C4244: '=' : conversion from 'double' to 'int', possible loss of data
     1>c:\users\sen\desktop\lazyvines\scanner\scanner\scanner\scanner.cpp(656): warning C4244: '=' : conversion from 'double' to 'int', possible loss of data
     1>c:\users\sen\desktop\lazyvines\scanner\scanner\scanner\scanner.cpp(267): warning C4756: overflow in constant arithmetic
     1>c:\users\sen\desktop\lazyvines\scanner\scanner\scanner\scanner.cpp(268): warning C4756: overflow in constant arithmetic
     1>c:\users\sen\desktop\lazyvines\scanner\scanner\scanner\scanner.cpp(269): warning C4756: overflow in constant arithmetic
     1>c:\users\sen\desktop\lazyvines\scanner\scanner\scanner\scanner.cpp(267): warning C4756: overflow in constant arithmetic
       Link:
         C:\Program Files (x86)\Microsoft Visual Studio 12.0\VC\bin\link.exe /ERRORREPORT:PROMPT /OUT:"C:\Users\Sen\Desktop\Lazyvines\Scanner\Scanner\Debug\Scanner.exe" /INCREMENTAL /NOLOGO /LIBPATH:"C:\Users\Sen\Desktop\Lazyvines\Scanner\Library\glfw\lib-vc2013" /LIBPATH:C:\Users\Sen\Desktop\Lazyvines\Scanner\Library\glew\lib\Release\Win32 opengl32.lib glu32.lib glew32.lib glfw3.lib kernel32.lib user32.lib gdi32.lib winspool.lib comdlg32.lib advapi32.lib shell32.lib ole32.lib oleaut32.lib uuid.lib odbc32.lib odbccp32.lib /MANIFEST /MANIFESTUAC:"level='asInvoker' uiAccess='false'" /manifest:embed /DEBUG /PDB:"C:\Users\Sen\Desktop\Lazyvines\Scanner\Scanner\Debug\Scanner.pdb" /SUBSYSTEM:CONSOLE /TLBID:1 /DYNAMICBASE /NXCOMPAT /IMPLIB:"C:\Users\Sen\Desktop\Lazyvines\Scanner\Scanner\Debug\Scanner.lib" /MACHINE:X86 Debug\Scanner.obj
         Scanner.vcxproj -> C:\Users\Sen\Desktop\Lazyvines\Scanner\Scanner\Debug\Scanner.exe
     1>Done Building Project "C:\Users\Sen\Desktop\Lazyvines\Scanner\Scanner\Scanner\Scanner.vcxproj" (Build target(s)).

Build succeeded.

Time Elapsed 00:00:02.61
